<?xml version="1.0" encoding="UTF-8"?>
<testng-results skipped="0" failed="0" total="2" passed="2">
  <reporter-output>
  </reporter-output>
  <suite name="Suite" duration-ms="172871" started-at="2017-12-10T07:54:47Z" finished-at="2017-12-10T07:57:39Z">
    <groups>
    </groups>
    <test name="Test" duration-ms="172871" started-at="2017-12-10T07:54:47Z" finished-at="2017-12-10T07:57:39Z">
      <class name="testcases.TC003_CreateLead">
        <test-method status="PASS" signature="beforeSuite()[pri:0, instance:testcases.TC003_CreateLead@addb54]" name="beforeSuite" is-config="true" duration-ms="460" started-at="2017-12-10T13:24:46Z" finished-at="2017-12-10T13:24:47Z">
          <reporter-output>
          </reporter-output>
        </test-method> <!-- beforeSuite -->
        <test-method status="PASS" signature="beforeTest()[pri:0, instance:testcases.TC003_CreateLead@addb54]" name="beforeTest" is-config="true" duration-ms="0" started-at="2017-12-10T13:24:47Z" finished-at="2017-12-10T13:24:47Z">
          <reporter-output>
          </reporter-output>
        </test-method> <!-- beforeTest -->
        <test-method status="PASS" signature="setData()[pri:0, instance:testcases.TC003_CreateLead@addb54]" name="setData" is-config="true" duration-ms="0" started-at="2017-12-10T13:24:47Z" finished-at="2017-12-10T13:24:47Z">
          <reporter-output>
          </reporter-output>
        </test-method> <!-- setData -->
        <test-method status="PASS" signature="beforeMethod()[pri:0, instance:testcases.TC003_CreateLead@addb54]" name="beforeMethod" is-config="true" duration-ms="27451" started-at="2017-12-10T13:24:49Z" finished-at="2017-12-10T13:25:16Z">
          <reporter-output>
          </reporter-output>
        </test-method> <!-- beforeMethod -->
        <test-method status="PASS" signature="createLead(java.lang.String, java.lang.String, java.lang.String, java.lang.String, java.lang.String, java.lang.String)[pri:0, instance:testcases.TC003_CreateLead@addb54]" name="createLead" duration-ms="72943" started-at="2017-12-10T13:25:16Z" data-provider="fetchData" finished-at="2017-12-10T13:26:29Z">
          <params>
            <param index="0">
              <value>
                <![CDATA[DemoSalesManager]]>
              </value>
            </param>
            <param index="1">
              <value>
                <![CDATA[crmsfa]]>
              </value>
            </param>
            <param index="2">
              <value>
                <![CDATA[Cognizant]]>
              </value>
            </param>
            <param index="3">
              <value>
                <![CDATA[Padma]]>
              </value>
            </param>
            <param index="4">
              <value>
                <![CDATA[priya]]>
              </value>
            </param>
            <param index="5">
              <value>
                <![CDATA[Cold Call]]>
              </value>
            </param>
          </params>
          <reporter-output>
          </reporter-output>
        </test-method> <!-- createLead -->
        <test-method status="PASS" signature="afterMethod()[pri:0, instance:testcases.TC003_CreateLead@addb54]" name="afterMethod" is-config="true" duration-ms="2043" started-at="2017-12-10T13:26:29Z" finished-at="2017-12-10T13:26:31Z">
          <reporter-output>
          </reporter-output>
        </test-method> <!-- afterMethod -->
        <test-method status="PASS" signature="beforeMethod()[pri:0, instance:testcases.TC003_CreateLead@addb54]" name="beforeMethod" is-config="true" duration-ms="18004" started-at="2017-12-10T13:26:31Z" finished-at="2017-12-10T13:26:49Z">
          <reporter-output>
          </reporter-output>
        </test-method> <!-- beforeMethod -->
        <test-method status="PASS" signature="createLead(java.lang.String, java.lang.String, java.lang.String, java.lang.String, java.lang.String, java.lang.String)[pri:0, instance:testcases.TC003_CreateLead@addb54]" name="createLead" duration-ms="48952" started-at="2017-12-10T13:26:49Z" data-provider="fetchData" finished-at="2017-12-10T13:27:38Z">
          <params>
            <param index="0">
              <value>
                <![CDATA[DemoCSR]]>
              </value>
            </param>
            <param index="1">
              <value>
                <![CDATA[crmsfa]]>
              </value>
            </param>
            <param index="2">
              <value>
                <![CDATA[TCS]]>
              </value>
            </param>
            <param index="3">
              <value>
                <![CDATA[Lakshmi]]>
              </value>
            </param>
            <param index="4">
              <value>
                <![CDATA[priya]]>
              </value>
            </param>
            <param index="5">
              <value>
                <![CDATA[Conference]]>
              </value>
            </param>
          </params>
          <reporter-output>
          </reporter-output>
        </test-method> <!-- createLead -->
        <test-method status="PASS" signature="afterMethod()[pri:0, instance:testcases.TC003_CreateLead@addb54]" name="afterMethod" is-config="true" duration-ms="1191" started-at="2017-12-10T13:27:38Z" finished-at="2017-12-10T13:27:39Z">
          <reporter-output>
          </reporter-output>
        </test-method> <!-- afterMethod -->
        <test-method status="PASS" signature="afterTest()[pri:0, instance:testcases.TC003_CreateLead@addb54]" name="afterTest" is-config="true" duration-ms="1" started-at="2017-12-10T13:27:39Z" finished-at="2017-12-10T13:27:39Z">
          <reporter-output>
          </reporter-output>
        </test-method> <!-- afterTest -->
        <test-method status="PASS" signature="afterSuite()[pri:0, instance:testcases.TC003_CreateLead@addb54]" name="afterSuite" is-config="true" duration-ms="385" started-at="2017-12-10T13:27:39Z" finished-at="2017-12-10T13:27:40Z">
          <reporter-output>
          </reporter-output>
        </test-method> <!-- afterSuite -->
      </class> <!-- testcases.TC003_CreateLead -->
    </test> <!-- Test -->
  </suite> <!-- Suite -->
</testng-results>
